<?xml version="1.0" encoding="UTF-8"?>
<!-- Generated by org.testng.reporters.JUnitReportReporter -->
<testsuite hostname="MacBook-Pro-Eugene.local" failures="0" tests="3" name="com.herokuapp.theinternet.fileuploadertests.FileUploaderTest" time="25.139" errors="0" timestamp="2021-08-03T19:31:57 EEST" skipped="0">
  <testcase classname="com.herokuapp.theinternet.fileuploadertests.FileUploaderTest" name="fileUploadTest" time="8.771"/>
  <system-out/>
  <testcase classname="com.herokuapp.theinternet.fileuploadertests.FileUploaderTest" name="fileUploadTest" time="7.935"/>
  <system-out/>
  <testcase classname="com.herokuapp.theinternet.fileuploadertests.FileUploaderTest" name="fileUploadTest" time="8.433"/>
  <system-out/>
</testsuite> <!-- com.herokuapp.theinternet.fileuploadertests.FileUploaderTest -->
