<?xml version="1.0" encoding="UTF-8"?>
<!-- Generated by org.testng.reporters.JUnitReportReporter -->
<testsuite hostname="MacBook-Pro-Eugene.local" failures="0" tests="3" name="com.herokuapp.theinternet.fileuploadertests.FileUploaderTest" time="25.857" errors="0" timestamp="2021-09-20T22:51:41 EEST" skipped="0">
  <testcase classname="com.herokuapp.theinternet.fileuploadertests.FileUploaderTest" name="fileUploadTest" time="8.782"/>
  <system-out/>
  <testcase classname="com.herokuapp.theinternet.fileuploadertests.FileUploaderTest" name="fileUploadTest" time="7.570"/>
  <system-out/>
  <testcase classname="com.herokuapp.theinternet.fileuploadertests.FileUploaderTest" name="fileUploadTest" time="9.505"/>
  <system-out/>
</testsuite> <!-- com.herokuapp.theinternet.fileuploadertests.FileUploaderTest -->
