<?xml version="1.0" encoding="UTF-8"?>
<!-- Generated by org.testng.reporters.JUnitReportReporter -->
<testsuite hostname="MacBook-Pro-Eugene.local" failures="0" tests="4" name="com.herokuapp.theinternet.NegativeTests" time="31.325" errors="0" timestamp="2021-07-21T23:12:48 EEST" skipped="0">
  <testcase classname="com.herokuapp.theinternet.NegativeTests" name="negativeTest" time="6.430"/>
  <system-out/>
  <testcase classname="com.herokuapp.theinternet.NegativeTests" name="negativeTest" time="8.950"/>
  <system-out/>
  <testcase classname="com.herokuapp.theinternet.NegativeTests" name="negativeTest" time="7.460"/>
  <system-out/>
  <testcase classname="com.herokuapp.theinternet.NegativeTests" name="negativeTest" time="8.485"/>
  <system-out/>
</testsuite> <!-- com.herokuapp.theinternet.NegativeTests -->
