<?xml version="1.0" encoding="UTF-8"?>
<!-- Generated by org.testng.reporters.JUnitReportReporter -->
<testsuite hostname="MacBook-Pro-Eugene.local" failures="0" tests="1" name="com.herokuapp.theinternet.dropdowntests.windowstest.WindowsTest" time="8.934" errors="0" timestamp="2021-07-29T21:57:11 EEST" skipped="0">
  <testcase classname="com.herokuapp.theinternet.dropdowntests.windowstest.WindowsTest" name="findTextInNewWindow" time="8.934"/>
  <system-out/>
</testsuite> <!-- com.herokuapp.theinternet.dropdowntests.windowstest.WindowsTest -->
