<?xml version="1.0" encoding="UTF-8"?>
<!-- Generated by org.testng.reporters.JUnitReportReporter -->
<testsuite hostname="MacBook-Pro-Eugene.local" failures="0" tests="1" name="com.herokuapp.theinternet.checkboxespagetest.CheckboxesTest" time="10.177" errors="0" timestamp="2021-08-05T12:24:12 EEST" skipped="0">
  <testcase classname="com.herokuapp.theinternet.checkboxespagetest.CheckboxesTest" name="selectTwoCheckboxesTest" time="10.177"/>
  <system-out/>
</testsuite> <!-- com.herokuapp.theinternet.checkboxespagetest.CheckboxesTest -->
