<?xml version="1.0" encoding="UTF-8"?>
<!-- Generated by org.testng.reporters.JUnitReportReporter -->
<testsuite hostname="MacBook-Pro-Eugene.local" failures="0" tests="5" name="com.herokuapp.theinternet.loginpagetests.NegativeLoginTests" time="35.814" errors="0" timestamp="2021-07-30T17:50:46 EEST" skipped="0">
  <testcase classname="com.herokuapp.theinternet.loginpagetests.NegativeLoginTests" name="negativeLogInTest" time="8.196"/>
  <system-out/>
  <testcase classname="com.herokuapp.theinternet.loginpagetests.NegativeLoginTests" name="negativeLogInTest" time="6.282"/>
  <system-out/>
  <testcase classname="com.herokuapp.theinternet.loginpagetests.NegativeLoginTests" name="negativeLogInTest" time="6.778"/>
  <system-out/>
  <testcase classname="com.herokuapp.theinternet.loginpagetests.NegativeLoginTests" name="negativeLogInTest" time="6.531"/>
  <system-out/>
  <testcase classname="com.herokuapp.theinternet.loginpagetests.NegativeLoginTests" name="negativeLogInTest" time="8.027"/>
  <system-out/>
</testsuite> <!-- com.herokuapp.theinternet.loginpagetests.NegativeLoginTests -->
