<?xml version="1.0" encoding="UTF-8"?>
<!-- Generated by org.testng.reporters.JUnitReportReporter -->
<testsuite hostname="MacBook-Pro-Eugene.local" failures="0" tests="1" name="com.herokuapp.theinternet.jsalertstests.JSAlertsTest" time="9.036" errors="0" timestamp="2021-09-20T23:07:58 EEST" skipped="0">
  <testcase classname="com.herokuapp.theinternet.jsalertstests.JSAlertsTest" name="jsPromptTest" time="9.036"/>
  <system-out/>
</testsuite> <!-- com.herokuapp.theinternet.jsalertstests.JSAlertsTest -->
