<?xml version="1.0" encoding="UTF-8"?>
<!-- Generated by org.testng.reporters.JUnitReportReporter -->
<testsuite hostname="MacBook-Pro-Eugene.local" failures="0" tests="1" name="com.herokuapp.theinternet.jserrorstests.JSErrorTest" time="5.430" errors="0" timestamp="2021-08-03T00:03:23 EEST" skipped="0">
  <testcase classname="com.herokuapp.theinternet.jserrorstests.JSErrorTest" name="jsErrorTest" time="5.430"/>
  <system-out/>
</testsuite> <!-- com.herokuapp.theinternet.jserrorstests.JSErrorTest -->
