<?xml version="1.0" encoding="UTF-8"?>
<!-- Generated by org.testng.reporters.JUnitReportReporter -->
<testsuite hostname="MacBook-Pro-Eugene.local" failures="0" tests="3" name="com.herokuapp.theinternet.jsalertstests.JSAlertsTest" time="18.421" errors="0" timestamp="2021-08-03T19:31:57 EEST" skipped="0">
  <testcase classname="com.herokuapp.theinternet.jsalertstests.JSAlertsTest" name="jsPromptTest" time="7.090"/>
  <system-out/>
  <testcase classname="com.herokuapp.theinternet.jsalertstests.JSAlertsTest" name="jsAcceptTest" time="5.617"/>
  <system-out/>
  <testcase classname="com.herokuapp.theinternet.jsalertstests.JSAlertsTest" name="jsDismissTest" time="5.714"/>
  <system-out/>
</testsuite> <!-- com.herokuapp.theinternet.jsalertstests.JSAlertsTest -->
