<?xml version="1.0" encoding="UTF-8"?>
<!-- Generated by org.testng.reporters.JUnitReportReporter -->
<testsuite hostname="MacBook-Pro-Eugene.local" failures="0" tests="1" name="com.herokuapp.theinternet.checkboxespagetest.CheckboxesTest" time="8.922" errors="0" timestamp="2021-09-29T13:41:53 EEST" skipped="0">
  <testcase classname="com.herokuapp.theinternet.checkboxespagetest.CheckboxesTest" name="selectTwoCheckboxesTest" time="8.922"/>
  <system-out/>
</testsuite> <!-- com.herokuapp.theinternet.checkboxespagetest.CheckboxesTest -->
