<?xml version="1.0" encoding="UTF-8"?>
<!-- Generated by org.testng.reporters.JUnitReportReporter -->
<testsuite hostname="MacBook-Pro-Eugene.local" failures="0" tests="1" name="com.herokuapp.theinternet.dropdowntests.DropdownTest" time="8.671" errors="0" timestamp="2021-07-29T11:09:28 EEST" skipped="0">
  <testcase classname="com.herokuapp.theinternet.dropdowntests.DropdownTest" name="selectOptionFromDropdown" time="8.671"/>
  <system-out/>
</testsuite> <!-- com.herokuapp.theinternet.dropdowntests.DropdownTest -->
